2019/11/01 04:11:14,823 INFO  DocumentManagementLogger.FileLogger [10] Request: Method: OPTIONS, RequestUri: 'http://localhost:64339/api/Documents/GetAllDocuments', Version: 1.1, Content: System.Web.Http.WebHost.HttpControllerHandler+LazyStreamContent, Headers:
{
  Connection: keep-alive
  Accept: */*
  Accept-Encoding: gzip
  Accept-Encoding: deflate
  Accept-Encoding: br
  Accept-Language: ar
  Accept-Language: en-US; q=0.9
  Accept-Language: en; q=0.8
  Host: localhost:64339
  Referer: http://localhost:3000/
  User-Agent: Mozilla/5.0
  User-Agent: (Windows NT 10.0; Win64; x64)
  User-Agent: AppleWebKit/537.36
  User-Agent: (KHTML, like Gecko)
  User-Agent: Chrome/73.0.3683.86
  User-Agent: Safari/537.36
  Access-Control-Request-Method: GET
  Origin: http://localhost:3000
  Access-Control-Request-Headers: authorization
  ApplicationInsights-RequestTrackingTelemetryModule-RootRequest-Id: d0652622-2e0f-4b55-998e-2dd5c0eeea46
} 
2019/11/01 04:11:14,900 INFO  DocumentManagementLogger.FileLogger [10] Response: StatusCode: 200, ReasonPhrase: 'OK', Version: 1.1, Content: <null>, Headers:
{
  Access-Control-Allow-Origin: *
  Access-Control-Allow-Headers: authorization
} 
2019/11/01 04:11:16,439 INFO  DocumentManagementLogger.FileLogger [14] Request: Method: GET, RequestUri: 'http://localhost:64339/api/Documents/GetAllDocuments', Version: 1.1, Content: System.Web.Http.WebHost.HttpControllerHandler+LazyStreamContent, Headers:
{
  Connection: keep-alive
  Accept: application/json
  Accept: text/plain
  Accept: */*
  Accept-Encoding: gzip
  Accept-Encoding: deflate
  Accept-Encoding: br
  Accept-Language: ar
  Accept-Language: en-US; q=0.9
  Accept-Language: en; q=0.8
  Authorization: Bearer zq5f033o7l8rkNlHvW19nydTb8sgYAIe7q_dDa5qwJWeHgYCGAvumEjEI2Oi6ERi1VBxU0cINqeJE2lOFF46KolTV8X-JQ2oGV036CyNJLAPAjOL4C9tRmYYEHWy709M502se7DZfABkhqJhd1fE1zk062Iv2FYsOsxDTfvBRyO2e4o-QA4pjQP0RkXOV7A4xTIrns1Edc_-lQGAgH8VLieKfy3r7Aku-A292TIr-llkiSuFNAOCs7-IAmvu62fklVgt48LoV5lWRytnp9lEI9TQb8cQIclNEiWn2nN2Zg5C-XAixDpImQITcE52iPZ38PjusAoXD5TaJJIwmxA1EKlSH_aEcNc22zqfqQwpL9B1zB4qHqjnP8oAEPbyFv9zAekMTZJgTQzsW782W_bBS6aMkP8r4QV8RNB99bYUtVSMRrlY1EdNQmFlGlTPclzuLR6Hv7VN6khCKbrSBzPWQlsOOLAM4yy8shk9vL3G7JJUMvR-LyGWYbRYblYWwoBJdRQpo-0_cVCICEvciPLD8g
  Host: localhost:64339
  Referer: http://localhost:3000/
  User-Agent: Mozilla/5.0
  User-Agent: (Windows NT 10.0; Win64; x64)
  User-Agent: AppleWebKit/537.36
  User-Agent: (KHTML, like Gecko)
  User-Agent: Chrome/73.0.3683.86
  User-Agent: Safari/537.36
  Origin: http://localhost:3000
  ApplicationInsights-RequestTrackingTelemetryModule-RootRequest-Id: 21c369d3-768a-4e13-a7ef-5dc6dc5de5ed
} 
2019/11/01 04:11:16,975 INFO  DocumentManagementLogger.FileLogger [14] UserId: e30cf1bb-1781-4252-ac1d-2115a79a3fa3 
2019/11/01 04:11:17,043 INFO  DocumentManagementLogger.FileLogger [14] Response: StatusCode: 200, ReasonPhrase: 'OK', Version: 1.1, Content: System.Net.Http.ObjectContent`1[[System.Collections.Generic.List`1[[ViewModels.Document, ViewModels, Version=1.0.0.0, Culture=neutral, PublicKeyToken=null]], mscorlib, Version=4.0.0.0, Culture=neutral, PublicKeyToken=b77a5c561934e089]], Headers:
{
  Access-Control-Allow-Origin: *
  Content-Type: application/json; charset=utf-8
} 
2019/11/01 04:11:55,761 INFO  DocumentManagementLogger.FileLogger [14] Request: Method: OPTIONS, RequestUri: 'http://localhost:64339/api/Documents/GetAllDocuments', Version: 1.1, Content: System.Web.Http.WebHost.HttpControllerHandler+LazyStreamContent, Headers:
{
  Connection: keep-alive
  Accept: */*
  Accept-Encoding: gzip
  Accept-Encoding: deflate
  Accept-Encoding: br
  Accept-Language: ar
  Accept-Language: en-US; q=0.9
  Accept-Language: en; q=0.8
  Host: localhost:64339
  Referer: http://localhost:3000/documents
  User-Agent: Mozilla/5.0
  User-Agent: (Windows NT 10.0; Win64; x64)
  User-Agent: AppleWebKit/537.36
  User-Agent: (KHTML, like Gecko)
  User-Agent: Chrome/73.0.3683.86
  User-Agent: Safari/537.36
  Access-Control-Request-Method: GET
  Origin: http://localhost:3000
  Access-Control-Request-Headers: authorization
  ApplicationInsights-RequestTrackingTelemetryModule-RootRequest-Id: 38c68c86-652b-4b0a-ad90-3263128c6f37
} 
2019/11/01 04:11:55,761 INFO  DocumentManagementLogger.FileLogger [14] Response: StatusCode: 200, ReasonPhrase: 'OK', Version: 1.1, Content: <null>, Headers:
{
  Access-Control-Allow-Origin: *
  Access-Control-Allow-Headers: authorization
} 
2019/11/01 04:11:56,623 INFO  DocumentManagementLogger.FileLogger [14] Request: Method: GET, RequestUri: 'http://localhost:64339/api/Documents/GetAllDocuments', Version: 1.1, Content: System.Web.Http.WebHost.HttpControllerHandler+LazyStreamContent, Headers:
{
  Connection: keep-alive
  Accept: application/json
  Accept: text/plain
  Accept: */*
  Accept-Encoding: gzip
  Accept-Encoding: deflate
  Accept-Encoding: br
  Accept-Language: ar
  Accept-Language: en-US; q=0.9
  Accept-Language: en; q=0.8
  Authorization: Bearer zq5f033o7l8rkNlHvW19nydTb8sgYAIe7q_dDa5qwJWeHgYCGAvumEjEI2Oi6ERi1VBxU0cINqeJE2lOFF46KolTV8X-JQ2oGV036CyNJLAPAjOL4C9tRmYYEHWy709M502se7DZfABkhqJhd1fE1zk062Iv2FYsOsxDTfvBRyO2e4o-QA4pjQP0RkXOV7A4xTIrns1Edc_-lQGAgH8VLieKfy3r7Aku-A292TIr-llkiSuFNAOCs7-IAmvu62fklVgt48LoV5lWRytnp9lEI9TQb8cQIclNEiWn2nN2Zg5C-XAixDpImQITcE52iPZ38PjusAoXD5TaJJIwmxA1EKlSH_aEcNc22zqfqQwpL9B1zB4qHqjnP8oAEPbyFv9zAekMTZJgTQzsW782W_bBS6aMkP8r4QV8RNB99bYUtVSMRrlY1EdNQmFlGlTPclzuLR6Hv7VN6khCKbrSBzPWQlsOOLAM4yy8shk9vL3G7JJUMvR-LyGWYbRYblYWwoBJdRQpo-0_cVCICEvciPLD8g
  Host: localhost:64339
  Referer: http://localhost:3000/documents
  User-Agent: Mozilla/5.0
  User-Agent: (Windows NT 10.0; Win64; x64)
  User-Agent: AppleWebKit/537.36
  User-Agent: (KHTML, like Gecko)
  User-Agent: Chrome/73.0.3683.86
  User-Agent: Safari/537.36
  Origin: http://localhost:3000
  ApplicationInsights-RequestTrackingTelemetryModule-RootRequest-Id: e0b8b14e-9a9d-402b-b968-7e00860ecb15
} 
2019/11/01 04:11:56,660 INFO  DocumentManagementLogger.FileLogger [14] UserId: e30cf1bb-1781-4252-ac1d-2115a79a3fa3 
2019/11/01 04:11:56,685 INFO  DocumentManagementLogger.FileLogger [14] Response: StatusCode: 200, ReasonPhrase: 'OK', Version: 1.1, Content: System.Net.Http.ObjectContent`1[[System.Collections.Generic.List`1[[ViewModels.Document, ViewModels, Version=1.0.0.0, Culture=neutral, PublicKeyToken=null]], mscorlib, Version=4.0.0.0, Culture=neutral, PublicKeyToken=b77a5c561934e089]], Headers:
{
  Access-Control-Allow-Origin: *
  Content-Type: application/json; charset=utf-8
} 
2019/12/01 04:12:06,590 INFO  DocumentManagementLogger.FileLogger [14] Request: Method: OPTIONS, RequestUri: 'http://localhost:64339/api/Documents/UploadDocument', Version: 1.1, Content: System.Web.Http.WebHost.HttpControllerHandler+LazyStreamContent, Headers:
{
  Connection: keep-alive
  Accept: */*
  Accept-Encoding: gzip
  Accept-Encoding: deflate
  Accept-Encoding: br
  Accept-Language: ar
  Accept-Language: en-US; q=0.9
  Accept-Language: en; q=0.8
  Host: localhost:64339
  Referer: http://localhost:3000/documents
  User-Agent: Mozilla/5.0
  User-Agent: (Windows NT 10.0; Win64; x64)
  User-Agent: AppleWebKit/537.36
  User-Agent: (KHTML, like Gecko)
  User-Agent: Chrome/73.0.3683.86
  User-Agent: Safari/537.36
  Access-Control-Request-Method: POST
  Origin: http://localhost:3000
  Access-Control-Request-Headers: authorization
  ApplicationInsights-RequestTrackingTelemetryModule-RootRequest-Id: 95d8c243-c9a4-42a9-aef0-c186d4d8b40f
} 
2019/12/01 04:12:06,590 INFO  DocumentManagementLogger.FileLogger [14] Response: StatusCode: 200, ReasonPhrase: 'OK', Version: 1.1, Content: <null>, Headers:
{
  Access-Control-Allow-Origin: *
  Access-Control-Allow-Headers: authorization
} 
2019/12/01 04:12:07,429 INFO  DocumentManagementLogger.FileLogger [17] Request: Method: POST, RequestUri: 'http://localhost:64339/api/Documents/UploadDocument', Version: 1.1, Content: System.Web.Http.WebHost.HttpControllerHandler+LazyStreamContent, Headers:
{
  Connection: keep-alive
  Accept: application/json
  Accept: text/plain
  Accept: */*
  Accept-Encoding: gzip
  Accept-Encoding: deflate
  Accept-Encoding: br
  Accept-Language: ar
  Accept-Language: en-US; q=0.9
  Accept-Language: en; q=0.8
  Authorization: Bearer zq5f033o7l8rkNlHvW19nydTb8sgYAIe7q_dDa5qwJWeHgYCGAvumEjEI2Oi6ERi1VBxU0cINqeJE2lOFF46KolTV8X-JQ2oGV036CyNJLAPAjOL4C9tRmYYEHWy709M502se7DZfABkhqJhd1fE1zk062Iv2FYsOsxDTfvBRyO2e4o-QA4pjQP0RkXOV7A4xTIrns1Edc_-lQGAgH8VLieKfy3r7Aku-A292TIr-llkiSuFNAOCs7-IAmvu62fklVgt48LoV5lWRytnp9lEI9TQb8cQIclNEiWn2nN2Zg5C-XAixDpImQITcE52iPZ38PjusAoXD5TaJJIwmxA1EKlSH_aEcNc22zqfqQwpL9B1zB4qHqjnP8oAEPbyFv9zAekMTZJgTQzsW782W_bBS6aMkP8r4QV8RNB99bYUtVSMRrlY1EdNQmFlGlTPclzuLR6Hv7VN6khCKbrSBzPWQlsOOLAM4yy8shk9vL3G7JJUMvR-LyGWYbRYblYWwoBJdRQpo-0_cVCICEvciPLD8g
  Host: localhost:64339
  Referer: http://localhost:3000/documents
  User-Agent: Mozilla/5.0
  User-Agent: (Windows NT 10.0; Win64; x64)
  User-Agent: AppleWebKit/537.36
  User-Agent: (KHTML, like Gecko)
  User-Agent: Chrome/73.0.3683.86
  User-Agent: Safari/537.36
  Origin: http://localhost:3000
  ApplicationInsights-RequestTrackingTelemetryModule-RootRequest-Id: 6823c5d8-36ba-44e1-af31-7067a2b9fc6a
  Content-Length: 445100
  Content-Type: multipart/form-data; boundary=----WebKitFormBoundaryAeV6queA4NkLTPzb
} 
2019/12/01 04:12:09,346 INFO  DocumentManagementLogger.FileLogger [17] LocalDirectory config value: D:\UploadedFiles 
2019/12/01 04:12:09,347 INFO  DocumentManagementLogger.FileLogger [17] document Save Path: D:\UploadedFiles\e30cf1bb-1781-4252-ac1d-2115a79a3fa3\Coding Bad Practices.pdf 
2019/12/01 04:12:09,347 INFO  DocumentManagementLogger.FileLogger [17] File Path: D:\UploadedFiles\e30cf1bb-1781-4252-ac1d-2115a79a3fa3\Coding Bad Practices.pdf 
2019/12/01 04:12:09,348 INFO  DocumentManagementLogger.FileLogger [17] File Saved Success 
2019/12/01 04:12:09,348 INFO  DocumentManagementLogger.FileLogger [17] Document Saved Success 
2019/12/01 04:12:09,362 INFO  DocumentManagementLogger.FileLogger [17] Document Meta Data: DomainModels.Document 
2019/12/01 04:12:09,422 INFO  DocumentManagementLogger.FileLogger [17] Document meta data saved to the database 
2019/12/01 04:12:09,423 INFO  DocumentManagementLogger.FileLogger [17] Response: StatusCode: 200, ReasonPhrase: 'OK', Version: 1.1, Content: <null>, Headers:
{
  Access-Control-Allow-Origin: *
} 
2019/12/01 04:12:14,988 INFO  DocumentManagementLogger.FileLogger [14] Request: Method: OPTIONS, RequestUri: 'http://localhost:64339/api/Documents/GetAllDocuments', Version: 1.1, Content: System.Web.Http.WebHost.HttpControllerHandler+LazyStreamContent, Headers:
{
  Connection: keep-alive
  Accept: */*
  Accept-Encoding: gzip
  Accept-Encoding: deflate
  Accept-Encoding: br
  Accept-Language: ar
  Accept-Language: en-US; q=0.9
  Accept-Language: en; q=0.8
  Host: localhost:64339
  Referer: http://localhost:3000/documents
  User-Agent: Mozilla/5.0
  User-Agent: (Windows NT 10.0; Win64; x64)
  User-Agent: AppleWebKit/537.36
  User-Agent: (KHTML, like Gecko)
  User-Agent: Chrome/73.0.3683.86
  User-Agent: Safari/537.36
  Access-Control-Request-Method: GET
  Origin: http://localhost:3000
  Access-Control-Request-Headers: authorization
  ApplicationInsights-RequestTrackingTelemetryModule-RootRequest-Id: b11b91b5-9335-4c8b-a09b-65ddc4f11b8c
} 
2019/12/01 04:12:14,989 INFO  DocumentManagementLogger.FileLogger [14] Response: StatusCode: 200, ReasonPhrase: 'OK', Version: 1.1, Content: <null>, Headers:
{
  Access-Control-Allow-Origin: *
  Access-Control-Allow-Headers: authorization
} 
2019/12/01 04:12:15,635 INFO  DocumentManagementLogger.FileLogger [14] Request: Method: GET, RequestUri: 'http://localhost:64339/api/Documents/GetAllDocuments', Version: 1.1, Content: System.Web.Http.WebHost.HttpControllerHandler+LazyStreamContent, Headers:
{
  Connection: keep-alive
  Accept: application/json
  Accept: text/plain
  Accept: */*
  Accept-Encoding: gzip
  Accept-Encoding: deflate
  Accept-Encoding: br
  Accept-Language: ar
  Accept-Language: en-US; q=0.9
  Accept-Language: en; q=0.8
  Authorization: Bearer zq5f033o7l8rkNlHvW19nydTb8sgYAIe7q_dDa5qwJWeHgYCGAvumEjEI2Oi6ERi1VBxU0cINqeJE2lOFF46KolTV8X-JQ2oGV036CyNJLAPAjOL4C9tRmYYEHWy709M502se7DZfABkhqJhd1fE1zk062Iv2FYsOsxDTfvBRyO2e4o-QA4pjQP0RkXOV7A4xTIrns1Edc_-lQGAgH8VLieKfy3r7Aku-A292TIr-llkiSuFNAOCs7-IAmvu62fklVgt48LoV5lWRytnp9lEI9TQb8cQIclNEiWn2nN2Zg5C-XAixDpImQITcE52iPZ38PjusAoXD5TaJJIwmxA1EKlSH_aEcNc22zqfqQwpL9B1zB4qHqjnP8oAEPbyFv9zAekMTZJgTQzsW782W_bBS6aMkP8r4QV8RNB99bYUtVSMRrlY1EdNQmFlGlTPclzuLR6Hv7VN6khCKbrSBzPWQlsOOLAM4yy8shk9vL3G7JJUMvR-LyGWYbRYblYWwoBJdRQpo-0_cVCICEvciPLD8g
  Host: localhost:64339
  Referer: http://localhost:3000/documents
  User-Agent: Mozilla/5.0
  User-Agent: (Windows NT 10.0; Win64; x64)
  User-Agent: AppleWebKit/537.36
  User-Agent: (KHTML, like Gecko)
  User-Agent: Chrome/73.0.3683.86
  User-Agent: Safari/537.36
  Origin: http://localhost:3000
  ApplicationInsights-RequestTrackingTelemetryModule-RootRequest-Id: 042e599e-17b1-4956-92b0-f7964e38d0c8
} 
2019/12/01 04:12:15,670 INFO  DocumentManagementLogger.FileLogger [14] UserId: e30cf1bb-1781-4252-ac1d-2115a79a3fa3 
2019/12/01 04:12:15,694 INFO  DocumentManagementLogger.FileLogger [14] Response: StatusCode: 200, ReasonPhrase: 'OK', Version: 1.1, Content: System.Net.Http.ObjectContent`1[[System.Collections.Generic.List`1[[ViewModels.Document, ViewModels, Version=1.0.0.0, Culture=neutral, PublicKeyToken=null]], mscorlib, Version=4.0.0.0, Culture=neutral, PublicKeyToken=b77a5c561934e089]], Headers:
{
  Access-Control-Allow-Origin: *
  Content-Type: application/json; charset=utf-8
} 
2019/12/01 04:12:31,255 INFO  DocumentManagementLogger.FileLogger [14] Request: Method: OPTIONS, RequestUri: 'http://localhost:64339/api/Documents/DownloadDocument/237498eb-59af-4df3-9bcf-ee53f4fffdc3', Version: 1.1, Content: System.Web.Http.WebHost.HttpControllerHandler+LazyStreamContent, Headers:
{
  Connection: keep-alive
  Accept: */*
  Accept-Encoding: gzip
  Accept-Encoding: deflate
  Accept-Encoding: br
  Accept-Language: ar
  Accept-Language: en-US; q=0.9
  Accept-Language: en; q=0.8
  Host: localhost:64339
  Referer: http://localhost:3000/documents
  User-Agent: Mozilla/5.0
  User-Agent: (Windows NT 10.0; Win64; x64)
  User-Agent: AppleWebKit/537.36
  User-Agent: (KHTML, like Gecko)
  User-Agent: Chrome/73.0.3683.86
  User-Agent: Safari/537.36
  Access-Control-Request-Method: GET
  Origin: http://localhost:3000
  Access-Control-Request-Headers: authorization
  ApplicationInsights-RequestTrackingTelemetryModule-RootRequest-Id: 143be4e9-5bbd-4365-8ea2-ab26a58eb883
} 
2019/12/01 04:12:31,255 INFO  DocumentManagementLogger.FileLogger [14] Response: StatusCode: 200, ReasonPhrase: 'OK', Version: 1.1, Content: <null>, Headers:
{
  Access-Control-Allow-Origin: *
  Access-Control-Allow-Headers: authorization
} 
2019/12/01 04:12:32,152 INFO  DocumentManagementLogger.FileLogger [23] Request: Method: GET, RequestUri: 'http://localhost:64339/api/Documents/DownloadDocument/237498eb-59af-4df3-9bcf-ee53f4fffdc3', Version: 1.1, Content: System.Web.Http.WebHost.HttpControllerHandler+LazyStreamContent, Headers:
{
  Connection: keep-alive
  Accept: application/json
  Accept: text/plain
  Accept: */*
  Accept-Encoding: gzip
  Accept-Encoding: deflate
  Accept-Encoding: br
  Accept-Language: ar
  Accept-Language: en-US; q=0.9
  Accept-Language: en; q=0.8
  Authorization: Bearer zq5f033o7l8rkNlHvW19nydTb8sgYAIe7q_dDa5qwJWeHgYCGAvumEjEI2Oi6ERi1VBxU0cINqeJE2lOFF46KolTV8X-JQ2oGV036CyNJLAPAjOL4C9tRmYYEHWy709M502se7DZfABkhqJhd1fE1zk062Iv2FYsOsxDTfvBRyO2e4o-QA4pjQP0RkXOV7A4xTIrns1Edc_-lQGAgH8VLieKfy3r7Aku-A292TIr-llkiSuFNAOCs7-IAmvu62fklVgt48LoV5lWRytnp9lEI9TQb8cQIclNEiWn2nN2Zg5C-XAixDpImQITcE52iPZ38PjusAoXD5TaJJIwmxA1EKlSH_aEcNc22zqfqQwpL9B1zB4qHqjnP8oAEPbyFv9zAekMTZJgTQzsW782W_bBS6aMkP8r4QV8RNB99bYUtVSMRrlY1EdNQmFlGlTPclzuLR6Hv7VN6khCKbrSBzPWQlsOOLAM4yy8shk9vL3G7JJUMvR-LyGWYbRYblYWwoBJdRQpo-0_cVCICEvciPLD8g
  Host: localhost:64339
  Referer: http://localhost:3000/documents
  User-Agent: Mozilla/5.0
  User-Agent: (Windows NT 10.0; Win64; x64)
  User-Agent: AppleWebKit/537.36
  User-Agent: (KHTML, like Gecko)
  User-Agent: Chrome/73.0.3683.86
  User-Agent: Safari/537.36
  Origin: http://localhost:3000
  ApplicationInsights-RequestTrackingTelemetryModule-RootRequest-Id: 07d03a3a-98fc-45fc-874d-0948f88d0088
} 
2019/12/01 04:12:34,518 INFO  DocumentManagementLogger.FileLogger [23] DocId: 237498eb-59af-4df3-9bcf-ee53f4fffdc3 
2019/12/01 04:12:34,550 INFO  DocumentManagementLogger.FileLogger [23] LocalDirectory config value: D:\UploadedFiles 
2019/12/01 04:12:34,550 INFO  DocumentManagementLogger.FileLogger [23] Document for Id: 237498eb-59af-4df3-9bcf-ee53f4fffdc3 is : ViewModels.Document 
2019/12/01 04:12:35,791 INFO  DocumentManagementLogger.FileLogger [23] DocId : 237498eb-59af-4df3-9bcf-ee53f4fffdc3 
2019/12/01 04:12:35,858 INFO  DocumentManagementLogger.FileLogger [23] Document before update: System.Data.Entity.DynamicProxies.Document_507A620C9BD310F3D481DB74D685E66FF8ACF570BFCA9D38308C72E8638BEA09 
2019/12/01 04:12:35,888 INFO  DocumentManagementLogger.FileLogger [23] Document after update: System.Data.Entity.DynamicProxies.Document_507A620C9BD310F3D481DB74D685E66FF8ACF570BFCA9D38308C72E8638BEA09 
2019/12/01 04:12:35,888 INFO  DocumentManagementLogger.FileLogger [23] Response: StatusCode: 200, ReasonPhrase: 'OK', Version: 1.1, Content: System.Net.Http.ByteArrayContent, Headers:
{
  Access-Control-Allow-Origin: *
  Content-Length: 444673
  Content-Type: application/pdf
} 
2019/12/01 04:12:44,558 INFO  DocumentManagementLogger.FileLogger [17] Request: Method: OPTIONS, RequestUri: 'http://localhost:64339/api/Documents/GetAllDocuments', Version: 1.1, Content: System.Web.Http.WebHost.HttpControllerHandler+LazyStreamContent, Headers:
{
  Connection: keep-alive
  Accept: */*
  Accept-Encoding: gzip
  Accept-Encoding: deflate
  Accept-Encoding: br
  Accept-Language: ar
  Accept-Language: en-US; q=0.9
  Accept-Language: en; q=0.8
  Host: localhost:64339
  Referer: http://localhost:3000/documents
  User-Agent: Mozilla/5.0
  User-Agent: (Windows NT 10.0; Win64; x64)
  User-Agent: AppleWebKit/537.36
  User-Agent: (KHTML, like Gecko)
  User-Agent: Chrome/73.0.3683.86
  User-Agent: Safari/537.36
  Access-Control-Request-Method: GET
  Origin: http://localhost:3000
  Access-Control-Request-Headers: authorization
  ApplicationInsights-RequestTrackingTelemetryModule-RootRequest-Id: 86000c89-c091-466c-8fcc-0eceda98c81e
} 
2019/12/01 04:12:44,558 INFO  DocumentManagementLogger.FileLogger [17] Response: StatusCode: 200, ReasonPhrase: 'OK', Version: 1.1, Content: <null>, Headers:
{
  Access-Control-Allow-Origin: *
  Access-Control-Allow-Headers: authorization
} 
2019/12/01 04:12:45,233 INFO  DocumentManagementLogger.FileLogger [17] Request: Method: GET, RequestUri: 'http://localhost:64339/api/Documents/GetAllDocuments', Version: 1.1, Content: System.Web.Http.WebHost.HttpControllerHandler+LazyStreamContent, Headers:
{
  Connection: keep-alive
  Accept: application/json
  Accept: text/plain
  Accept: */*
  Accept-Encoding: gzip
  Accept-Encoding: deflate
  Accept-Encoding: br
  Accept-Language: ar
  Accept-Language: en-US; q=0.9
  Accept-Language: en; q=0.8
  Authorization: Bearer zq5f033o7l8rkNlHvW19nydTb8sgYAIe7q_dDa5qwJWeHgYCGAvumEjEI2Oi6ERi1VBxU0cINqeJE2lOFF46KolTV8X-JQ2oGV036CyNJLAPAjOL4C9tRmYYEHWy709M502se7DZfABkhqJhd1fE1zk062Iv2FYsOsxDTfvBRyO2e4o-QA4pjQP0RkXOV7A4xTIrns1Edc_-lQGAgH8VLieKfy3r7Aku-A292TIr-llkiSuFNAOCs7-IAmvu62fklVgt48LoV5lWRytnp9lEI9TQb8cQIclNEiWn2nN2Zg5C-XAixDpImQITcE52iPZ38PjusAoXD5TaJJIwmxA1EKlSH_aEcNc22zqfqQwpL9B1zB4qHqjnP8oAEPbyFv9zAekMTZJgTQzsW782W_bBS6aMkP8r4QV8RNB99bYUtVSMRrlY1EdNQmFlGlTPclzuLR6Hv7VN6khCKbrSBzPWQlsOOLAM4yy8shk9vL3G7JJUMvR-LyGWYbRYblYWwoBJdRQpo-0_cVCICEvciPLD8g
  Host: localhost:64339
  Referer: http://localhost:3000/documents
  User-Agent: Mozilla/5.0
  User-Agent: (Windows NT 10.0; Win64; x64)
  User-Agent: AppleWebKit/537.36
  User-Agent: (KHTML, like Gecko)
  User-Agent: Chrome/73.0.3683.86
  User-Agent: Safari/537.36
  Origin: http://localhost:3000
  ApplicationInsights-RequestTrackingTelemetryModule-RootRequest-Id: 8d0066ed-91d5-447a-9eeb-f3be815e01b6
} 
2019/12/01 04:12:45,262 INFO  DocumentManagementLogger.FileLogger [17] UserId: e30cf1bb-1781-4252-ac1d-2115a79a3fa3 
2019/12/01 04:12:45,286 INFO  DocumentManagementLogger.FileLogger [17] Response: StatusCode: 200, ReasonPhrase: 'OK', Version: 1.1, Content: System.Net.Http.ObjectContent`1[[System.Collections.Generic.List`1[[ViewModels.Document, ViewModels, Version=1.0.0.0, Culture=neutral, PublicKeyToken=null]], mscorlib, Version=4.0.0.0, Culture=neutral, PublicKeyToken=b77a5c561934e089]], Headers:
{
  Access-Control-Allow-Origin: *
  Content-Type: application/json; charset=utf-8
} 
2019/17/01 04:17:22,707 INFO  DocumentManagementLogger.FileLogger [30] Request: Method: OPTIONS, RequestUri: 'http://localhost:64339/api/Documents/GetAllDocuments', Version: 1.1, Content: System.Web.Http.WebHost.HttpControllerHandler+LazyStreamContent, Headers:
{
  Connection: keep-alive
  Accept: */*
  Accept-Encoding: gzip
  Accept-Encoding: deflate
  Accept-Encoding: br
  Accept-Language: ar
  Accept-Language: en-US; q=0.9
  Accept-Language: en; q=0.8
  Host: localhost:64339
  Referer: http://localhost:3000/documents
  User-Agent: Mozilla/5.0
  User-Agent: (Windows NT 10.0; Win64; x64)
  User-Agent: AppleWebKit/537.36
  User-Agent: (KHTML, like Gecko)
  User-Agent: Chrome/73.0.3683.86
  User-Agent: Safari/537.36
  Access-Control-Request-Method: GET
  Origin: http://localhost:3000
  Access-Control-Request-Headers: authorization
  ApplicationInsights-RequestTrackingTelemetryModule-RootRequest-Id: 12d9257c-1a41-40fa-970f-f3de11fd2f04
} 
2019/17/01 04:17:22,708 INFO  DocumentManagementLogger.FileLogger [30] Response: StatusCode: 200, ReasonPhrase: 'OK', Version: 1.1, Content: <null>, Headers:
{
  Access-Control-Allow-Origin: *
  Access-Control-Allow-Headers: authorization
} 
2019/17/01 04:17:23,359 INFO  DocumentManagementLogger.FileLogger [28] Request: Method: OPTIONS, RequestUri: 'http://localhost:64339/api/Documents/GetAllDocuments', Version: 1.1, Content: System.Web.Http.WebHost.HttpControllerHandler+LazyStreamContent, Headers:
{
  Connection: keep-alive
  Accept: */*
  Accept-Encoding: gzip
  Accept-Encoding: deflate
  Accept-Encoding: br
  Accept-Language: ar
  Accept-Language: en-US; q=0.9
  Accept-Language: en; q=0.8
  Host: localhost:64339
  Referer: http://localhost:3000/documents
  User-Agent: Mozilla/5.0
  User-Agent: (Windows NT 10.0; Win64; x64)
  User-Agent: AppleWebKit/537.36
  User-Agent: (KHTML, like Gecko)
  User-Agent: Chrome/73.0.3683.86
  User-Agent: Safari/537.36
  Access-Control-Request-Method: GET
  Origin: http://localhost:3000
  Access-Control-Request-Headers: authorization
  ApplicationInsights-RequestTrackingTelemetryModule-RootRequest-Id: be30d0ed-74ae-42bc-9d13-7ea1164a41b1
} 
2019/17/01 04:17:23,360 INFO  DocumentManagementLogger.FileLogger [28] Response: StatusCode: 200, ReasonPhrase: 'OK', Version: 1.1, Content: <null>, Headers:
{
  Access-Control-Allow-Origin: *
  Access-Control-Allow-Headers: authorization
} 
2019/17/01 04:17:24,211 INFO  DocumentManagementLogger.FileLogger [30] Request: Method: GET, RequestUri: 'http://localhost:64339/api/Documents/GetAllDocuments', Version: 1.1, Content: System.Web.Http.WebHost.HttpControllerHandler+LazyStreamContent, Headers:
{
  Connection: keep-alive
  Accept: application/json
  Accept: text/plain
  Accept: */*
  Accept-Encoding: gzip
  Accept-Encoding: deflate
  Accept-Encoding: br
  Accept-Language: ar
  Accept-Language: en-US; q=0.9
  Accept-Language: en; q=0.8
  Authorization: Bearer zq5f033o7l8rkNlHvW19nydTb8sgYAIe7q_dDa5qwJWeHgYCGAvumEjEI2Oi6ERi1VBxU0cINqeJE2lOFF46KolTV8X-JQ2oGV036CyNJLAPAjOL4C9tRmYYEHWy709M502se7DZfABkhqJhd1fE1zk062Iv2FYsOsxDTfvBRyO2e4o-QA4pjQP0RkXOV7A4xTIrns1Edc_-lQGAgH8VLieKfy3r7Aku-A292TIr-llkiSuFNAOCs7-IAmvu62fklVgt48LoV5lWRytnp9lEI9TQb8cQIclNEiWn2nN2Zg5C-XAixDpImQITcE52iPZ38PjusAoXD5TaJJIwmxA1EKlSH_aEcNc22zqfqQwpL9B1zB4qHqjnP8oAEPbyFv9zAekMTZJgTQzsW782W_bBS6aMkP8r4QV8RNB99bYUtVSMRrlY1EdNQmFlGlTPclzuLR6Hv7VN6khCKbrSBzPWQlsOOLAM4yy8shk9vL3G7JJUMvR-LyGWYbRYblYWwoBJdRQpo-0_cVCICEvciPLD8g
  Host: localhost:64339
  Referer: http://localhost:3000/documents
  User-Agent: Mozilla/5.0
  User-Agent: (Windows NT 10.0; Win64; x64)
  User-Agent: AppleWebKit/537.36
  User-Agent: (KHTML, like Gecko)
  User-Agent: Chrome/73.0.3683.86
  User-Agent: Safari/537.36
  Origin: http://localhost:3000
  ApplicationInsights-RequestTrackingTelemetryModule-RootRequest-Id: f637ad66-bcd1-4835-bbe9-132b1994555d
} 
2019/17/01 04:17:24,253 INFO  DocumentManagementLogger.FileLogger [30] UserId: e30cf1bb-1781-4252-ac1d-2115a79a3fa3 
2019/17/01 04:17:24,277 INFO  DocumentManagementLogger.FileLogger [30] Response: StatusCode: 200, ReasonPhrase: 'OK', Version: 1.1, Content: System.Net.Http.ObjectContent`1[[System.Collections.Generic.List`1[[ViewModels.Document, ViewModels, Version=1.0.0.0, Culture=neutral, PublicKeyToken=null]], mscorlib, Version=4.0.0.0, Culture=neutral, PublicKeyToken=b77a5c561934e089]], Headers:
{
  Access-Control-Allow-Origin: *
  Content-Type: application/json; charset=utf-8
} 
2019/17/01 04:17:35,289 INFO  DocumentManagementLogger.FileLogger [28] Request: Method: OPTIONS, RequestUri: 'http://localhost:64339/api/Documents/GetAllDocuments', Version: 1.1, Content: System.Web.Http.WebHost.HttpControllerHandler+LazyStreamContent, Headers:
{
  Connection: keep-alive
  Accept: */*
  Accept-Encoding: gzip
  Accept-Encoding: deflate
  Accept-Encoding: br
  Accept-Language: ar
  Accept-Language: en-US; q=0.9
  Accept-Language: en; q=0.8
  Host: localhost:64339
  Referer: http://localhost:3000/documents
  User-Agent: Mozilla/5.0
  User-Agent: (Windows NT 10.0; Win64; x64)
  User-Agent: AppleWebKit/537.36
  User-Agent: (KHTML, like Gecko)
  User-Agent: Chrome/73.0.3683.86
  User-Agent: Safari/537.36
  Access-Control-Request-Method: GET
  Origin: http://localhost:3000
  Access-Control-Request-Headers: authorization
  ApplicationInsights-RequestTrackingTelemetryModule-RootRequest-Id: c5f6cc04-5c89-41cf-96ab-22e6faa07ae5
} 
2019/17/01 04:17:35,291 INFO  DocumentManagementLogger.FileLogger [28] Response: StatusCode: 200, ReasonPhrase: 'OK', Version: 1.1, Content: <null>, Headers:
{
  Access-Control-Allow-Origin: *
  Access-Control-Allow-Headers: authorization
} 
2019/17/01 04:17:35,850 INFO  DocumentManagementLogger.FileLogger [30] Request: Method: GET, RequestUri: 'http://localhost:64339/api/Documents/GetAllDocuments', Version: 1.1, Content: System.Web.Http.WebHost.HttpControllerHandler+LazyStreamContent, Headers:
{
  Connection: keep-alive
  Accept: application/json
  Accept: text/plain
  Accept: */*
  Accept-Encoding: gzip
  Accept-Encoding: deflate
  Accept-Encoding: br
  Accept-Language: ar
  Accept-Language: en-US; q=0.9
  Accept-Language: en; q=0.8
  Authorization: Bearer zq5f033o7l8rkNlHvW19nydTb8sgYAIe7q_dDa5qwJWeHgYCGAvumEjEI2Oi6ERi1VBxU0cINqeJE2lOFF46KolTV8X-JQ2oGV036CyNJLAPAjOL4C9tRmYYEHWy709M502se7DZfABkhqJhd1fE1zk062Iv2FYsOsxDTfvBRyO2e4o-QA4pjQP0RkXOV7A4xTIrns1Edc_-lQGAgH8VLieKfy3r7Aku-A292TIr-llkiSuFNAOCs7-IAmvu62fklVgt48LoV5lWRytnp9lEI9TQb8cQIclNEiWn2nN2Zg5C-XAixDpImQITcE52iPZ38PjusAoXD5TaJJIwmxA1EKlSH_aEcNc22zqfqQwpL9B1zB4qHqjnP8oAEPbyFv9zAekMTZJgTQzsW782W_bBS6aMkP8r4QV8RNB99bYUtVSMRrlY1EdNQmFlGlTPclzuLR6Hv7VN6khCKbrSBzPWQlsOOLAM4yy8shk9vL3G7JJUMvR-LyGWYbRYblYWwoBJdRQpo-0_cVCICEvciPLD8g
  Host: localhost:64339
  Referer: http://localhost:3000/documents
  User-Agent: Mozilla/5.0
  User-Agent: (Windows NT 10.0; Win64; x64)
  User-Agent: AppleWebKit/537.36
  User-Agent: (KHTML, like Gecko)
  User-Agent: Chrome/73.0.3683.86
  User-Agent: Safari/537.36
  Origin: http://localhost:3000
  ApplicationInsights-RequestTrackingTelemetryModule-RootRequest-Id: 36a74c58-1de8-4b59-961c-3d29fbc343f9
} 
2019/17/01 04:17:35,883 INFO  DocumentManagementLogger.FileLogger [30] UserId: e30cf1bb-1781-4252-ac1d-2115a79a3fa3 
2019/17/01 04:17:35,906 INFO  DocumentManagementLogger.FileLogger [30] Response: StatusCode: 200, ReasonPhrase: 'OK', Version: 1.1, Content: System.Net.Http.ObjectContent`1[[System.Collections.Generic.List`1[[ViewModels.Document, ViewModels, Version=1.0.0.0, Culture=neutral, PublicKeyToken=null]], mscorlib, Version=4.0.0.0, Culture=neutral, PublicKeyToken=b77a5c561934e089]], Headers:
{
  Access-Control-Allow-Origin: *
  Content-Type: application/json; charset=utf-8
} 
